<?xml version="1.0" encoding="UTF-8"?>
<!-- Generated by org.testng.reporters.JUnitReportReporter -->
<testsuite hostname="LIN20002860" failures="0" tests="3" name="tests.CheckoutTest" time="84.584" errors="0" timestamp="2022-07-08T04:08:17 IST" skipped="0">
  <testcase classname="tests.CheckoutTest" name="Checkoutwithvaliddeliverydetails" time="33.103"/>
  <system-out/>
  <testcase classname="tests.CheckoutTest" name="CheckoutwithInvaliddeliverydetails" time="29.901"/>
  <system-out/>
  <testcase classname="tests.CheckoutTest" name="Checkoutwithnofilledddeliverydetails" time="21.580"/>
  <system-out/>
</testsuite> <!-- tests.CheckoutTest -->
