<?xml version="1.0" encoding="UTF-8"?>
<!-- Generated by org.testng.reporters.JUnitReportReporter -->
<testsuite hostname="LIN20002860" failures="0" tests="3" name="tests.RegisterTest" time="17.066" errors="0" timestamp="2022-07-08T04:08:17 IST" skipped="0">
  <testcase classname="tests.RegisterTest" name="registerWithMandatoryFields" time="5.098"/>
  <system-out/>
  <testcase classname="tests.RegisterTest" name="registerWithAllFields" time="6.694"/>
  <system-out/>
  <testcase classname="tests.RegisterTest" name="registerWithAlreadyRegisteredEmailAddress" time="5.274"/>
  <system-out/>
</testsuite> <!-- tests.RegisterTest -->
