<?xml version="1.0" encoding="UTF-8"?>
<!-- Generated by org.testng.reporters.JUnitReportReporter -->
<testsuite hostname="LIN20002860" failures="0" tests="1" name="tests.OrderingProductsTest" time="30.189" errors="0" timestamp="2022-07-08T04:08:17 IST" skipped="0">
  <testcase classname="tests.OrderingProductsTest" name="Checkoutwithvaliddeliverydetails" time="30.189"/>
  <system-out/>
</testsuite> <!-- tests.OrderingProductsTest -->
