<?xml version="1.0" encoding="UTF-8"?>
<!-- Generated by org.testng.reporters.JUnitReportReporter -->
<testsuite hostname="LIN20002860" failures="0" tests="3" name="tests.SearchTest" time="12.264" errors="0" timestamp="2022-07-08T04:08:17 IST" skipped="0">
  <testcase classname="tests.SearchTest" name="searchWithValidProduct" time="4.066"/>
  <system-out/>
  <testcase classname="tests.SearchTest" name="searchWithInValidProduct" time="4.060"/>
  <system-out/>
  <testcase classname="tests.SearchTest" name="searchWithoutAnyProduct" time="4.138"/>
  <system-out/>
</testsuite> <!-- tests.SearchTest -->
