<?xml version="1.0" encoding="UTF-8"?>
<!-- Generated by org.testng.reporters.JUnitReportReporter -->
<testsuite hostname="LIN20002860" failures="0" tests="3" name="tests.ShoppingcartTest" time="21.704" errors="0" timestamp="2022-07-08T04:08:17 IST" skipped="0">
  <testcase classname="tests.ShoppingcartTest" name="AsacustomerIwanttonavigatetoShoppingcartpage" time="4.109"/>
  <system-out/>
  <testcase classname="tests.ShoppingcartTest" name="AsacustomerIwanttoAddtheproducttoShoppingcart" time="6.785"/>
  <system-out/>
  <testcase classname="tests.ShoppingcartTest" name="AsacustomerIwanttoAddtheproductFromWishListtoShoppingCart" time="10.810"/>
  <system-out/>
</testsuite> <!-- tests.ShoppingcartTest -->
