<?xml version="1.0" encoding="UTF-8"?>
<!-- Generated by org.testng.reporters.JUnitReportReporter -->
<testsuite hostname="LIN25009253" failures="0" tests="1" name="tests.OrderingProducts" time="25.196" errors="0" timestamp="2022-07-06T19:10:27 IST" skipped="0">
  <testcase classname="tests.OrderingProducts" name="Checkoutwithvaliddeliverydetails" time="25.196"/>
  <system-out/>
</testsuite> <!-- tests.OrderingProducts -->
