<?xml version="1.0" encoding="UTF-8"?>
<!-- Generated by org.testng.reporters.JUnitReportReporter -->
<testsuite hostname="LIN20002860" failures="0" tests="2" name="tests.HomepageTest" time="14.103" errors="0" timestamp="2022-07-08T04:08:17 IST" skipped="0">
  <testcase classname="tests.HomepageTest" name="Verifynavigatinghomepagelogo" time="4.368"/>
  <system-out/>
  <testcase classname="tests.HomepageTest" name="Verifybannerimage" time="9.735"/>
  <system-out/>
</testsuite> <!-- tests.HomepageTest -->
