<?xml version="1.0" encoding="UTF-8"?>
<!-- Generated by org.testng.reporters.JUnitReportReporter -->
<testsuite hostname="LIN20002860" failures="0" tests="1" name="stepdefinitions.LoginTest" time="6.613" errors="0" timestamp="2022-07-03T02:27:38 IST" skipped="0">
  <testcase classname="stepdefinitions.LoginTest" name="open_the_application_url" time="6.613"/>
  <system-out/>
</testsuite> <!-- stepdefinitions.LoginTest -->
