<?xml version="1.0" encoding="UTF-8"?>
<!-- Generated by org.testng.reporters.JUnitReportReporter -->
<testsuite hostname="LIN20002860" failures="0" tests="2" name="tests.HomepageTest" time="20.686" errors="0" timestamp="2022-07-06T12:19:36 IST" skipped="0">
  <testcase classname="tests.HomepageTest" name="Verifynavigatinghomepagelogo" time="8.888"/>
  <system-out/>
  <testcase classname="tests.HomepageTest" name="Verifybannerimage" time="11.798"/>
  <system-out/>
</testsuite> <!-- tests.HomepageTest -->
