<?xml version="1.0" encoding="UTF-8"?>
<!-- Generated by org.testng.reporters.JUnitReportReporter -->
<testsuite hostname="LIN20002860" failures="0" tests="3" name="tests.CheckoutTest" time="91.781" errors="0" timestamp="2022-07-06T12:19:36 IST" skipped="0">
  <testcase classname="tests.CheckoutTest" name="Checkoutwithvaliddeliverydetails" time="36.453"/>
  <system-out/>
  <testcase classname="tests.CheckoutTest" name="CheckoutwithInvaliddeliverydetails" time="35.150"/>
  <system-out/>
  <testcase classname="tests.CheckoutTest" name="Checkoutwithnofilledddeliverydetails" time="20.178"/>
  <system-out/>
</testsuite> <!-- tests.CheckoutTest -->
